<?xml version="1.0" encoding="UTF-8"?>
<testsuite xmlns:xsi="http://www.w3.org/2001/XMLSchema-instance" xsi:noNamespaceSchemaLocation="https://maven.apache.org/surefire/maven-surefire-plugin/xsd/surefire-test-report.xsd" version="3.0.2" name="edu.shadsluiter.comments.CommentsApplicationTests" time="3.754" tests="1" errors="0" skipped="0" failures="0">
  <properties>
[...]
</properties>
  <testcase name="contextLoads" classname="edu.shadsluiter.comments.CommentsApplicationTests" time="0.936">
    <system-out><![CDATA[14:38:30.976 [main] INFO org.springframework.test.context.support.AnnotationConfigContextLoaderUtils -- Could not detect default configuration classes for test class [edu.shadsluiter.comments.CommentsApplicationTests]: CommentsApplicationTests does not declare any static, non-private, non-final, nested classes annotated with @Configuration.
14:38:31.160 [main] INFO org.springframework.boot.test.context.SpringBootTestContextBootstrapper -- Found @SpringBootConfiguration edu.shadsluiter.comments.CommentsApplication for test class edu.shadsluiter.comments.CommentsApplicationTests
14:38:31.393 [main] INFO org.springframework.boot.devtools.restart.RestartApplicationListener -- Restart disabled due to context in which it is running

  .   ____          _            __ _ _
 /\\ / ___'_ __ _ _(_)_ __  __ _ \ \ \ \
( ( )\___ | '_ | '_| | '_ \/ _` | \ \ \ \
 \\/  ___)| |_)| | | | | || (_| |  ) ) ) )
  '  |____| .__|_| |_|_| |_\__, | / / / /
 =========|_|==============|___/=/_/_/_/

 :: Spring Boot ::                (v4.0.0)

2025-12-05T14:38:31.775-07:00  INFO 7144 --- [comments] [           main] e.s.comments.CommentsApplicationTests    : Starting CommentsApplicationTests using Java 21.0.8 with PID 7144 (started by dorot in C:\git\GCU-cst323\6-CI_CD\activity8)
2025-12-05T14:38:31.777-07:00  INFO 7144 --- [comments] [           main] e.s.comments.CommentsApplicationTests    : No active profile set, falling back to 1 default profile: "default"
2025-12-05T14:38:32.878-07:00  INFO 7144 --- [comments] [           main] o.s.b.w.a.WelcomePageHandlerMapping      : Adding welcome page template: index
2025-12-05T14:38:33.471-07:00  INFO 7144 --- [comments] [           main] e.s.comments.CommentsApplicationTests    : Started CommentsApplicationTests in 2.095 seconds (process running for 3.829)
]]></system-out>
    <system-err><![CDATA[Mockito is currently self-attaching to enable the inline-mock-maker. This will no longer work in future releases of the JDK. Please add Mockito as an agent to your build as described in Mockito's documentation: https://javadoc.io/doc/org.mockito/mockito-core/latest/org.mockito/org/mockito/Mockito.html#0.3
WARNING: A Java agent has been loaded dynamically (C:\Users\dorot\.m2\repository\net\bytebuddy\byte-buddy-agent\1.17.8\byte-buddy-agent-1.17.8.jar)
WARNING: If a serviceability tool is in use, please run with -XX:+EnableDynamicAgentLoading to hide this warning
WARNING: If a serviceability tool is not in use, please run with -Djdk.instrument.traceUsage for more information
WARNING: Dynamic loading of agents will be disallowed by default in a future release
]]></system-err>
  </testcase>
</testsuite>